[0.723s] Invoking command in '/home/ryanleai/ROSpack/ros2_ws/build/drone_bridge': PYTHONPATH=/home/ryanleai/ROSpack/ros2_ws/build/drone_bridge/prefix_override:/usr/lib/python3/dist-packages/colcon_core/task/python/colcon_distutils_commands:/home/ryanleai/ROSpack/ros2_ws/install/drone_bridge/lib/python3.10/site-packages:${PYTHONPATH} /usr/bin/python3 -W ignore:setup.py install is deprecated -W ignore:easy_install command is deprecated setup.py develop --editable --build-directory /home/ryanleai/ROSpack/ros2_ws/build/drone_bridge/build --no-deps symlink_data --force
[1.020s] running develop
[1.207s] running egg_info
[1.207s] writing drone_bridge.egg-info/PKG-INFO
[1.207s] writing dependency_links to drone_bridge.egg-info/dependency_links.txt
[1.207s] writing entry points to drone_bridge.egg-info/entry_points.txt
[1.207s] writing requirements to drone_bridge.egg-info/requires.txt
[1.207s] writing top-level names to drone_bridge.egg-info/top_level.txt
[1.209s] reading manifest file 'drone_bridge.egg-info/SOURCES.txt'
[1.210s] writing manifest file 'drone_bridge.egg-info/SOURCES.txt'
[1.211s] running build_ext
[1.211s] Creating /home/ryanleai/ROSpack/ros2_ws/install/drone_bridge/lib/python3.10/site-packages/drone-bridge.egg-link (link to .)
[1.212s] Installing camera_viewer script to /home/ryanleai/ROSpack/ros2_ws/install/drone_bridge/lib/drone_bridge
[1.212s] 
[1.212s] Installed /home/ryanleai/ROSpack/ros2_ws/build/drone_bridge
[1.212s] running symlink_data
[1.212s] symbolically linking /home/ryanleai/ROSpack/ros2_ws/build/drone_bridge/resource/drone_bridge -> /home/ryanleai/ROSpack/ros2_ws/install/drone_bridge/share/ament_index/resource_index/packages
[1.213s] symbolically linking /home/ryanleai/ROSpack/ros2_ws/build/drone_bridge/package.xml -> /home/ryanleai/ROSpack/ros2_ws/install/drone_bridge/share/drone_bridge
[1.213s] symbolically linking /home/ryanleai/ROSpack/ros2_ws/build/drone_bridge/drone_bridge/gz_bridge.launch.py -> /home/ryanleai/ROSpack/ros2_ws/install/drone_bridge/share/drone_bridge/launch
[1.213s] symbolically linking /home/ryanleai/ROSpack/ros2_ws/build/drone_bridge/drone_bridge/camera_view.launch.py -> /home/ryanleai/ROSpack/ros2_ws/install/drone_bridge/share/drone_bridge/launch
[1.245s] Invoked command in '/home/ryanleai/ROSpack/ros2_ws/build/drone_bridge' returned '0': PYTHONPATH=/home/ryanleai/ROSpack/ros2_ws/build/drone_bridge/prefix_override:/usr/lib/python3/dist-packages/colcon_core/task/python/colcon_distutils_commands:/home/ryanleai/ROSpack/ros2_ws/install/drone_bridge/lib/python3.10/site-packages:${PYTHONPATH} /usr/bin/python3 -W ignore:setup.py install is deprecated -W ignore:easy_install command is deprecated setup.py develop --editable --build-directory /home/ryanleai/ROSpack/ros2_ws/build/drone_bridge/build --no-deps symlink_data --force
