[0.758s] Invoking command in '/home/ryanleai/ROSpack/ros2_ws/src/drone_bridge': PYTHONPATH=/home/ryanleai/ROSpack/ros2_ws/build/drone_bridge/prefix_override:/usr/lib/python3/dist-packages/colcon_core/task/python/colcon_distutils_commands:/home/ryanleai/ROSpack/ros2_ws/install/drone_bridge/lib/python3.10/site-packages:${PYTHONPATH} /usr/bin/python3 -W ignore:setup.py install is deprecated -W ignore:easy_install command is deprecated setup.py egg_info --egg-base ../../build/drone_bridge build --build-base /home/ryanleai/ROSpack/ros2_ws/build/drone_bridge/build install --record /home/ryanleai/ROSpack/ros2_ws/build/drone_bridge/install.log --single-version-externally-managed install_data
[1.017s] running egg_info
[1.019s] writing ../../build/drone_bridge/drone_bridge.egg-info/PKG-INFO
[1.019s] writing dependency_links to ../../build/drone_bridge/drone_bridge.egg-info/dependency_links.txt
[1.019s] writing entry points to ../../build/drone_bridge/drone_bridge.egg-info/entry_points.txt
[1.019s] writing requirements to ../../build/drone_bridge/drone_bridge.egg-info/requires.txt
[1.019s] writing top-level names to ../../build/drone_bridge/drone_bridge.egg-info/top_level.txt
[1.020s] reading manifest file '../../build/drone_bridge/drone_bridge.egg-info/SOURCES.txt'
[1.021s] writing manifest file '../../build/drone_bridge/drone_bridge.egg-info/SOURCES.txt'
[1.022s] running build
[1.022s] running build_py
[1.022s] copying drone_bridge/camera_processor.py -> /home/ryanleai/ROSpack/ros2_ws/build/drone_bridge/build/lib/drone_bridge
[1.022s] running install
[1.022s] running install_lib
[1.023s] copying /home/ryanleai/ROSpack/ros2_ws/build/drone_bridge/build/lib/drone_bridge/camera_processor.py -> /home/ryanleai/ROSpack/ros2_ws/install/drone_bridge/lib/python3.10/site-packages/drone_bridge
[1.024s] byte-compiling /home/ryanleai/ROSpack/ros2_ws/install/drone_bridge/lib/python3.10/site-packages/drone_bridge/camera_processor.py to camera_processor.cpython-310.pyc
[1.025s] running install_data
[1.025s] copying package.xml -> /home/ryanleai/ROSpack/ros2_ws/install/drone_bridge/share/drone_bridge
[1.025s] copying scripts/launch_camera.sh -> /home/ryanleai/ROSpack/ros2_ws/install/drone_bridge/share/drone_bridge/scripts
[1.025s] running install_egg_info
[1.027s] removing '/home/ryanleai/ROSpack/ros2_ws/install/drone_bridge/lib/python3.10/site-packages/drone_bridge-0.1.0-py3.10.egg-info' (and everything under it)
[1.027s] Copying ../../build/drone_bridge/drone_bridge.egg-info to /home/ryanleai/ROSpack/ros2_ws/install/drone_bridge/lib/python3.10/site-packages/drone_bridge-0.1.0-py3.10.egg-info
[1.028s] running install_scripts
[1.047s] Installing camera_processor script to /home/ryanleai/ROSpack/ros2_ws/install/drone_bridge/lib/drone_bridge
[1.047s] Installing camera_viewer script to /home/ryanleai/ROSpack/ros2_ws/install/drone_bridge/lib/drone_bridge
[1.048s] writing list of installed files to '/home/ryanleai/ROSpack/ros2_ws/build/drone_bridge/install.log'
[1.074s] Invoked command in '/home/ryanleai/ROSpack/ros2_ws/src/drone_bridge' returned '0': PYTHONPATH=/home/ryanleai/ROSpack/ros2_ws/build/drone_bridge/prefix_override:/usr/lib/python3/dist-packages/colcon_core/task/python/colcon_distutils_commands:/home/ryanleai/ROSpack/ros2_ws/install/drone_bridge/lib/python3.10/site-packages:${PYTHONPATH} /usr/bin/python3 -W ignore:setup.py install is deprecated -W ignore:easy_install command is deprecated setup.py egg_info --egg-base ../../build/drone_bridge build --build-base /home/ryanleai/ROSpack/ros2_ws/build/drone_bridge/build install --record /home/ryanleai/ROSpack/ros2_ws/build/drone_bridge/install.log --single-version-externally-managed install_data
