/home/ryanleai/ROSpack/install/drone_bridge/lib/python3.10/site-packages/drone_bridge/gz_bridge.launch.py
/home/ryanleai/ROSpack/install/drone_bridge/lib/python3.10/site-packages/drone_bridge/camera_view.launch.py
/home/ryanleai/ROSpack/install/drone_bridge/lib/python3.10/site-packages/drone_bridge/opencv_viewer.launch.py
/home/ryanleai/ROSpack/install/drone_bridge/lib/python3.10/site-packages/drone_bridge/__init__.py
/home/ryanleai/ROSpack/install/drone_bridge/lib/python3.10/site-packages/drone_bridge/__pycache__/gz_bridge.launch.cpython-310.pyc
/home/ryanleai/ROSpack/install/drone_bridge/lib/python3.10/site-packages/drone_bridge/__pycache__/camera_view.launch.cpython-310.pyc
/home/ryanleai/ROSpack/install/drone_bridge/lib/python3.10/site-packages/drone_bridge/__pycache__/opencv_viewer.launch.cpython-310.pyc
/home/ryanleai/ROSpack/install/drone_bridge/lib/python3.10/site-packages/drone_bridge/__pycache__/__init__.cpython-310.pyc
/home/ryanleai/ROSpack/install/drone_bridge/share/ament_index/resource_index/packages/drone_bridge
/home/ryanleai/ROSpack/install/drone_bridge/share/drone_bridge/package.xml
/home/ryanleai/ROSpack/install/drone_bridge/share/drone_bridge/launch/gz_bridge.launch.py
/home/ryanleai/ROSpack/install/drone_bridge/share/drone_bridge/launch/camera_view.launch.py
/home/ryanleai/ROSpack/install/drone_bridge/share/drone_bridge/launch/opencv_viewer.launch.py
/home/ryanleai/ROSpack/install/drone_bridge/share/drone_bridge/scripts/camera_viewer.py
/home/ryanleai/ROSpack/install/drone_bridge/lib/python3.10/site-packages/drone_bridge-0.0.0-py3.10.egg-info/requires.txt
/home/ryanleai/ROSpack/install/drone_bridge/lib/python3.10/site-packages/drone_bridge-0.0.0-py3.10.egg-info/dependency_links.txt
/home/ryanleai/ROSpack/install/drone_bridge/lib/python3.10/site-packages/drone_bridge-0.0.0-py3.10.egg-info/zip-safe
/home/ryanleai/ROSpack/install/drone_bridge/lib/python3.10/site-packages/drone_bridge-0.0.0-py3.10.egg-info/SOURCES.txt
/home/ryanleai/ROSpack/install/drone_bridge/lib/python3.10/site-packages/drone_bridge-0.0.0-py3.10.egg-info/PKG-INFO
/home/ryanleai/ROSpack/install/drone_bridge/lib/python3.10/site-packages/drone_bridge-0.0.0-py3.10.egg-info/entry_points.txt
/home/ryanleai/ROSpack/install/drone_bridge/lib/python3.10/site-packages/drone_bridge-0.0.0-py3.10.egg-info/top_level.txt
