running egg_info
writing ../../../build/drone_bridge/drone_bridge.egg-info/PKG-INFO
writing dependency_links to ../../../build/drone_bridge/drone_bridge.egg-info/dependency_links.txt
writing entry points to ../../../build/drone_bridge/drone_bridge.egg-info/entry_points.txt
writing requirements to ../../../build/drone_bridge/drone_bridge.egg-info/requires.txt
writing top-level names to ../../../build/drone_bridge/drone_bridge.egg-info/top_level.txt
reading manifest file '../../../build/drone_bridge/drone_bridge.egg-info/SOURCES.txt'
writing manifest file '../../../build/drone_bridge/drone_bridge.egg-info/SOURCES.txt'
running build
running build_py
copying drone_bridge/gz_bridge.launch.py -> /home/ryanleai/ROSpack/build/drone_bridge/build/lib/drone_bridge
running install
running install_lib
copying /home/ryanleai/ROSpack/build/drone_bridge/build/lib/drone_bridge/gz_bridge.launch.py -> /home/ryanleai/ROSpack/install/drone_bridge/lib/python3.10/site-packages/drone_bridge
byte-compiling /home/ryanleai/ROSpack/install/drone_bridge/lib/python3.10/site-packages/drone_bridge/gz_bridge.launch.py to gz_bridge.launch.cpython-310.pyc
running install_data
copying drone_bridge/gz_bridge.launch.py -> /home/ryanleai/ROSpack/install/drone_bridge/share/drone_bridge/launch
running install_egg_info
removing '/home/ryanleai/ROSpack/install/drone_bridge/lib/python3.10/site-packages/drone_bridge-0.0.0-py3.10.egg-info' (and everything under it)
Copying ../../../build/drone_bridge/drone_bridge.egg-info to /home/ryanleai/ROSpack/install/drone_bridge/lib/python3.10/site-packages/drone_bridge-0.0.0-py3.10.egg-info
running install_scripts
writing list of installed files to '/home/ryanleai/ROSpack/build/drone_bridge/install.log'
